<?xml version="1.0" encoding="UTF-8"?>
<!-- Generated by org.testng.reporters.JUnitReportReporter -->
<testsuite skipped="0" hostname="Puchu-PC" name="testsuite.HomePageTest" tests="1" failures="0" timestamp="22 Apr 2020 06:26:09 GMT" time="41.899" errors="0">
  <testcase name="homePagetitletest" time="41.899" classname="testsuite.HomePageTest"/>
</testsuite> <!-- testsuite.HomePageTest -->
